<?xml version="1.0" encoding="UTF-8"?>
<!-- Generated by org.testng.reporters.JUnitReportReporter -->
<testsuite hostname="User" failures="0" tests="11" name="com.mindtree.runner.TestRunner" time="567.577" errors="1" timestamp="2022-01-18T22:06:39 IST" skipped="0">
  <testcase classname="com.mindtree.runner.TestRunner" name="runScenario" time="37.844"/>
  <testcase classname="com.mindtree.runner.TestRunner" name="runScenario" time="62.261"/>
  <testcase classname="com.mindtree.runner.TestRunner" name="runScenario" time="73.620"/>
  <testcase classname="com.mindtree.runner.TestRunner" name="runScenario" time="58.910"/>
  <testcase classname="com.mindtree.runner.TestRunner" name="runScenario" time="41.666"/>
  <testcase classname="com.mindtree.runner.TestRunner" name="runScenario" time="44.676"/>
  <testcase classname="com.mindtree.runner.TestRunner" name="runScenario" time="62.468"/>
  <testcase classname="com.mindtree.runner.TestRunner" name="runScenario" time="50.143"/>
  <testcase classname="com.mindtree.runner.TestRunner" name="runScenario" time="52.752"/>
  <testcase classname="com.mindtree.runner.TestRunner" name="runScenario" time="37.636"/>
  <testcase classname="com.mindtree.runner.TestRunner" name="runScenario" time="45.601">
    <error message="no such element: Unable to locate element: {&quot;method&quot;:&quot;xpath&quot;,&quot;selector&quot;:&quot;(.//li[@class=&#039;ng-star-inserted&#039;])[5]&quot;}
  (Session info: chrome=97.0.4692.71)
For documentation on this error, please visit: https://www.seleniumhq.org/exceptions/no_such_element.html
Build info: version: &#039;3.141.59&#039;, revision: &#039;e82be7d358&#039;, time: &#039;2018-11-14T08:17:03&#039;
System info: host: &#039;USER&#039;, ip: &#039;192.168.29.188&#039;, os.name: &#039;Windows 10&#039;, os.arch: &#039;amd64&#039;, os.version: &#039;10.0&#039;, java.version: &#039;17&#039;
Driver info: org.openqa.selenium.chrome.ChromeDriver
Capabilities {acceptInsecureCerts: false, browserName: chrome, browserVersion: 97.0.4692.71, chrome: {chromedriverVersion: 96.0.4664.45 (76e4c1bb2ab46..., userDataDir: C:\Users\USERPC~1\AppData\L...}, goog:chromeOptions: {debuggerAddress: localhost:50414}, javascriptEnabled: true, networkConnectionEnabled: false, pageLoadStrategy: normal, platform: WINDOWS, platformName: WINDOWS, proxy: Proxy(), setWindowRect: true, strictFileInteractability: false, timeouts: {implicit: 0, pageLoad: 300000, script: 30000}, unhandledPromptBehavior: dismiss and notify, webauthn:extension:credBlob: true, webauthn:extension:largeBlob: true, webauthn:virtualAuthenticators: true}
Session ID: 92b77a358a745f00258fac8d37c59833
*** Element info: {Using=xpath, value=(.//li[@class=&#039;ng-star-inserted&#039;])[5]}" type="org.openqa.selenium.NoSuchElementException">
      <![CDATA[org.openqa.selenium.NoSuchElementException: no such element: Unable to locate element: {"method":"xpath","selector":"(.//li[@class='ng-star-inserted'])[5]"}
  (Session info: chrome=97.0.4692.71)
For documentation on this error, please visit: https://www.seleniumhq.org/exceptions/no_such_element.html
Build info: version: '3.141.59', revision: 'e82be7d358', time: '2018-11-14T08:17:03'
System info: host: 'USER', ip: '192.168.29.188', os.name: 'Windows 10', os.arch: 'amd64', os.version: '10.0', java.version: '17'
Driver info: org.openqa.selenium.chrome.ChromeDriver
Capabilities {acceptInsecureCerts: false, browserName: chrome, browserVersion: 97.0.4692.71, chrome: {chromedriverVersion: 96.0.4664.45 (76e4c1bb2ab46..., userDataDir: C:\Users\USERPC~1\AppData\L...}, goog:chromeOptions: {debuggerAddress: localhost:50414}, javascriptEnabled: true, networkConnectionEnabled: false, pageLoadStrategy: normal, platform: WINDOWS, platformName: WINDOWS, proxy: Proxy(), setWindowRect: true, strictFileInteractability: false, timeouts: {implicit: 0, pageLoad: 300000, script: 30000}, unhandledPromptBehavior: dismiss and notify, webauthn:extension:credBlob: true, webauthn:extension:largeBlob: true, webauthn:virtualAuthenticators: true}
Session ID: 92b77a358a745f00258fac8d37c59833
*** Element info: {Using=xpath, value=(.//li[@class='ng-star-inserted'])[5]}
at java.base/jdk.internal.reflect.NativeConstructorAccessorImpl.newInstance0(Native Method)
at java.base/jdk.internal.reflect.NativeConstructorAccessorImpl.newInstance(NativeConstructorAccessorImpl.java:77)
at java.base/jdk.internal.reflect.DelegatingConstructorAccessorImpl.newInstance(DelegatingConstructorAccessorImpl.java:45)
at java.base/java.lang.reflect.Constructor.newInstanceWithCaller(Constructor.java:499)
at java.base/java.lang.reflect.Constructor.newInstance(Constructor.java:480)
at org.openqa.selenium.remote.http.W3CHttpResponseCodec.createException(W3CHttpResponseCodec.java:187)
at org.openqa.selenium.remote.http.W3CHttpResponseCodec.decode(W3CHttpResponseCodec.java:122)
at org.openqa.selenium.remote.http.W3CHttpResponseCodec.decode(W3CHttpResponseCodec.java:49)
at org.openqa.selenium.remote.HttpCommandExecutor.execute(HttpCommandExecutor.java:158)
at org.openqa.selenium.remote.service.DriverCommandExecutor.execute(DriverCommandExecutor.java:83)
at org.openqa.selenium.remote.RemoteWebDriver.execute(RemoteWebDriver.java:552)
at org.openqa.selenium.remote.RemoteWebDriver.findElement(RemoteWebDriver.java:323)
at org.openqa.selenium.remote.RemoteWebDriver.findElementByXPath(RemoteWebDriver.java:428)
at org.openqa.selenium.By$ByXPath.findElement(By.java:353)
at org.openqa.selenium.remote.RemoteWebDriver.findElement(RemoteWebDriver.java:315)
at com.mindtree.reusable.WebDriverHelper.clickButton(WebDriverHelper.java:48)
at com.mindtree.pageobject.Airportpage.dropaddress(Airportpage.java:50)
at com.mindtree.stepDefination.AirportStepdefinition.user_enters_drop_address_or_pickup_address(AirportStepdefinition.java:51)
at âœ½.User enters Drop address or pickup address "Rajajinagar,Bangalore"(file:///C:/Users/user%20pc/Desktop/Compre/CucumberFramework/Features/Airport.feature:10)
]]>
    </error>
  </testcase> <!-- runScenario -->
</testsuite> <!-- com.mindtree.runner.TestRunner -->
